<?xml version="1.0" encoding="UTF-8"?>
<!-- Generated by org.testng.reporters.JUnitXMLReporter -->
<testsuite ignored="0" hostname="Vasant-K04" failures="1" tests="2" name="Test Suite" time="11.419" errors="0" timestamp="2023-04-12T09:50:44 IST">
  <testcase classname="Tests.TestCases" name="Registerlink" time="1.397">
    <failure type="java.lang.AssertionError" message="expected [https://demo.nopcommerce.com/register?ret] but found [https://demo.nopcommerce.com/register?returnUrl=%2F]">
      <![CDATA[java.lang.AssertionError: expected [https://demo.nopcommerce.com/register?ret] but found [https://demo.nopcommerce.com/register?returnUrl=%2F]
at Pages.HomePage.verifyRegLink(HomePage.java:46)
at Tests.TestCases.Registerlink(TestCases.java:58)
at java.base/java.util.ArrayList.forEach(ArrayList.java:1511)
... Removed 31 stack frames]]>
    </failure>
  </testcase> <!-- Registerlink -->
  <testcase classname="Tests.TestCases" name="LoginTest" time="1.157"/>
</testsuite> <!-- Test Suite -->
